<?xml version="1.0" encoding="UTF-8"?>
<!-- Generated by org.testng.reporters.JUnitReportReporter -->
<testsuite ignored="0" hostname="EderLu-PC" failures="0" tests="1" name="test.TestSel" time="5.249" errors="0" timestamp="26 mar 2022 17:00:54 GMT" skipped="0">
  <testcase classname="test.TestSel" name="f" time="5.249"/>
</testsuite> <!-- test.TestSel -->
